-------------------------------------------------------------------------------
Test set: com.jan.wat.WatApplicationTests
-------------------------------------------------------------------------------
Tests run: 32, Failures: 0, Errors: 32, Skipped: 0, Time elapsed: 0.302 s <<< FAILURE! - in com.jan.wat.WatApplicationTests
sigEquipment  Time elapsed: 0.006 s  <<< ERROR!
java.lang.IllegalStateException: Test methods and test lifecycle methods must not be annotated with @Autowired. You should instead annotate individual method parameters with @Autowired, @Qualifier, or @Value. Offending methods in test class com.jan.wat.WatApplicationTests: [public void com.jan.wat.WatApplicationTests.sys_usermenumapTest()]

getroleseqbyusercode  Time elapsed: 0 s  <<< ERROR!
java.lang.IllegalStateException: Test methods and test lifecycle methods must not be annotated with @Autowired. You should instead annotate individual method parameters with @Autowired, @Qualifier, or @Value. Offending methods in test class com.jan.wat.WatApplicationTests: [public void com.jan.wat.WatApplicationTests.sys_usermenumapTest()]

getEquhistoryalarm  Time elapsed: 0 s  <<< ERROR!
java.lang.IllegalStateException: Test methods and test lifecycle methods must not be annotated with @Autowired. You should instead annotate individual method parameters with @Autowired, @Qualifier, or @Value. Offending methods in test class com.jan.wat.WatApplicationTests: [public void com.jan.wat.WatApplicationTests.sys_usermenumapTest()]

testGetRealDataQuery  Time elapsed: 0 s  <<< ERROR!
java.lang.IllegalStateException: Test methods and test lifecycle methods must not be annotated with @Autowired. You should instead annotate individual method parameters with @Autowired, @Qualifier, or @Value. Offending methods in test class com.jan.wat.WatApplicationTests: [public void com.jan.wat.WatApplicationTests.sys_usermenumapTest()]

getOrangizecodebyusercode  Time elapsed: 0.001 s  <<< ERROR!
java.lang.IllegalStateException: Test methods and test lifecycle methods must not be annotated with @Autowired. You should instead annotate individual method parameters with @Autowired, @Qualifier, or @Value. Offending methods in test class com.jan.wat.WatApplicationTests: [public void com.jan.wat.WatApplicationTests.sys_usermenumapTest()]

getEquUnrecoveryalarm  Time elapsed: 0 s  <<< ERROR!
java.lang.IllegalStateException: Test methods and test lifecycle methods must not be annotated with @Autowired. You should instead annotate individual method parameters with @Autowired, @Qualifier, or @Value. Offending methods in test class com.jan.wat.WatApplicationTests: [public void com.jan.wat.WatApplicationTests.sys_usermenumapTest()]

queryparalist  Time elapsed: 0.001 s  <<< ERROR!
java.lang.IllegalStateException: Test methods and test lifecycle methods must not be annotated with @Autowired. You should instead annotate individual method parameters with @Autowired, @Qualifier, or @Value. Offending methods in test class com.jan.wat.WatApplicationTests: [public void com.jan.wat.WatApplicationTests.sys_usermenumapTest()]

testPage  Time elapsed: 0 s  <<< ERROR!
java.lang.IllegalStateException: Test methods and test lifecycle methods must not be annotated with @Autowired. You should instead annotate individual method parameters with @Autowired, @Qualifier, or @Value. Offending methods in test class com.jan.wat.WatApplicationTests: [public void com.jan.wat.WatApplicationTests.sys_usermenumapTest()]

testtimg  Time elapsed: 0 s  <<< ERROR!
java.lang.IllegalStateException: Test methods and test lifecycle methods must not be annotated with @Autowired. You should instead annotate individual method parameters with @Autowired, @Qualifier, or @Value. Offending methods in test class com.jan.wat.WatApplicationTests: [public void com.jan.wat.WatApplicationTests.sys_usermenumapTest()]

getEquUnconfirmalarm  Time elapsed: 0 s  <<< ERROR!
java.lang.IllegalStateException: Test methods and test lifecycle methods must not be annotated with @Autowired. You should instead annotate individual method parameters with @Autowired, @Qualifier, or @Value. Offending methods in test class com.jan.wat.WatApplicationTests: [public void com.jan.wat.WatApplicationTests.sys_usermenumapTest()]

equipments  Time elapsed: 0 s  <<< ERROR!
java.lang.IllegalStateException: Test methods and test lifecycle methods must not be annotated with @Autowired. You should instead annotate individual method parameters with @Autowired, @Qualifier, or @Value. Offending methods in test class com.jan.wat.WatApplicationTests: [public void com.jan.wat.WatApplicationTests.sys_usermenumapTest()]

udpTest  Time elapsed: 0 s  <<< ERROR!
java.lang.IllegalStateException: Test methods and test lifecycle methods must not be annotated with @Autowired. You should instead annotate individual method parameters with @Autowired, @Qualifier, or @Value. Offending methods in test class com.jan.wat.WatApplicationTests: [public void com.jan.wat.WatApplicationTests.sys_usermenumapTest()]

getruleseqbyusercode  Time elapsed: 0 s  <<< ERROR!
java.lang.IllegalStateException: Test methods and test lifecycle methods must not be annotated with @Autowired. You should instead annotate individual method parameters with @Autowired, @Qualifier, or @Value. Offending methods in test class com.jan.wat.WatApplicationTests: [public void com.jan.wat.WatApplicationTests.sys_usermenumapTest()]

testGetServerList  Time elapsed: 0 s  <<< ERROR!
java.lang.IllegalStateException: Test methods and test lifecycle methods must not be annotated with @Autowired. You should instead annotate individual method parameters with @Autowired, @Qualifier, or @Value. Offending methods in test class com.jan.wat.WatApplicationTests: [public void com.jan.wat.WatApplicationTests.sys_usermenumapTest()]

getEquYesterdayrecoveryalarm  Time elapsed: 0 s  <<< ERROR!
java.lang.IllegalStateException: Test methods and test lifecycle methods must not be annotated with @Autowired. You should instead annotate individual method parameters with @Autowired, @Qualifier, or @Value. Offending methods in test class com.jan.wat.WatApplicationTests: [public void com.jan.wat.WatApplicationTests.sys_usermenumapTest()]

SysRole  Time elapsed: 0 s  <<< ERROR!
java.lang.IllegalStateException: Test methods and test lifecycle methods must not be annotated with @Autowired. You should instead annotate individual method parameters with @Autowired, @Qualifier, or @Value. Offending methods in test class com.jan.wat.WatApplicationTests: [public void com.jan.wat.WatApplicationTests.sys_usermenumapTest()]

para  Time elapsed: 0 s  <<< ERROR!
java.lang.IllegalStateException: Test methods and test lifecycle methods must not be annotated with @Autowired. You should instead annotate individual method parameters with @Autowired, @Qualifier, or @Value. Offending methods in test class com.jan.wat.WatApplicationTests: [public void com.jan.wat.WatApplicationTests.sys_usermenumapTest()]

para1  Time elapsed: 0.001 s  <<< ERROR!
java.lang.IllegalStateException: Test methods and test lifecycle methods must not be annotated with @Autowired. You should instead annotate individual method parameters with @Autowired, @Qualifier, or @Value. Offending methods in test class com.jan.wat.WatApplicationTests: [public void com.jan.wat.WatApplicationTests.sys_usermenumapTest()]

getAllFlow  Time elapsed: 0 s  <<< ERROR!
java.lang.IllegalStateException: Test methods and test lifecycle methods must not be annotated with @Autowired. You should instead annotate individual method parameters with @Autowired, @Qualifier, or @Value. Offending methods in test class com.jan.wat.WatApplicationTests: [public void com.jan.wat.WatApplicationTests.sys_usermenumapTest()]

getHistoryCommand  Time elapsed: 0.001 s  <<< ERROR!
java.lang.IllegalStateException: Test methods and test lifecycle methods must not be annotated with @Autowired. You should instead annotate individual method parameters with @Autowired, @Qualifier, or @Value. Offending methods in test class com.jan.wat.WatApplicationTests: [public void com.jan.wat.WatApplicationTests.sys_usermenumapTest()]

testesdquipxdment  Time elapsed: 0.002 s  <<< ERROR!
java.lang.IllegalStateException: Test methods and test lifecycle methods must not be annotated with @Autowired. You should instead annotate individual method parameters with @Autowired, @Qualifier, or @Value. Offending methods in test class com.jan.wat.WatApplicationTests: [public void com.jan.wat.WatApplicationTests.sys_usermenumapTest()]

getEquYesterdayalarm  Time elapsed: 0.001 s  <<< ERROR!
java.lang.IllegalStateException: Test methods and test lifecycle methods must not be annotated with @Autowired. You should instead annotate individual method parameters with @Autowired, @Qualifier, or @Value. Offending methods in test class com.jan.wat.WatApplicationTests: [public void com.jan.wat.WatApplicationTests.sys_usermenumapTest()]

insertTest  Time elapsed: 0 s  <<< ERROR!
java.lang.IllegalStateException: Test methods and test lifecycle methods must not be annotated with @Autowired. You should instead annotate individual method parameters with @Autowired, @Qualifier, or @Value. Offending methods in test class com.jan.wat.WatApplicationTests: [public void com.jan.wat.WatApplicationTests.sys_usermenumapTest()]

testUncheckcommand  Time elapsed: 0 s  <<< ERROR!
java.lang.IllegalStateException: Test methods and test lifecycle methods must not be annotated with @Autowired. You should instead annotate individual method parameters with @Autowired, @Qualifier, or @Value. Offending methods in test class com.jan.wat.WatApplicationTests: [public void com.jan.wat.WatApplicationTests.sys_usermenumapTest()]

getEquYesterdayconfirmalarm  Time elapsed: 0 s  <<< ERROR!
java.lang.IllegalStateException: Test methods and test lifecycle methods must not be annotated with @Autowired. You should instead annotate individual method parameters with @Autowired, @Qualifier, or @Value. Offending methods in test class com.jan.wat.WatApplicationTests: [public void com.jan.wat.WatApplicationTests.sys_usermenumapTest()]

getRealData  Time elapsed: 0 s  <<< ERROR!
java.lang.IllegalStateException: Test methods and test lifecycle methods must not be annotated with @Autowired. You should instead annotate individual method parameters with @Autowired, @Qualifier, or @Value. Offending methods in test class com.jan.wat.WatApplicationTests: [public void com.jan.wat.WatApplicationTests.sys_usermenumapTest()]

createJson  Time elapsed: 0 s  <<< ERROR!
java.lang.IllegalStateException: Test methods and test lifecycle methods must not be annotated with @Autowired. You should instead annotate individual method parameters with @Autowired, @Qualifier, or @Value. Offending methods in test class com.jan.wat.WatApplicationTests: [public void com.jan.wat.WatApplicationTests.sys_usermenumapTest()]

testFaiurecommand  Time elapsed: 0.001 s  <<< ERROR!
java.lang.IllegalStateException: Test methods and test lifecycle methods must not be annotated with @Autowired. You should instead annotate individual method parameters with @Autowired, @Qualifier, or @Value. Offending methods in test class com.jan.wat.WatApplicationTests: [public void com.jan.wat.WatApplicationTests.sys_usermenumapTest()]

testQuetry  Time elapsed: 0 s  <<< ERROR!
java.lang.IllegalStateException: Test methods and test lifecycle methods must not be annotated with @Autowired. You should instead annotate individual method parameters with @Autowired, @Qualifier, or @Value. Offending methods in test class com.jan.wat.WatApplicationTests: [public void com.jan.wat.WatApplicationTests.sys_usermenumapTest()]

sys_usermenumapTest  Time elapsed: 0 s  <<< ERROR!
java.lang.IllegalStateException: Test methods and test lifecycle methods must not be annotated with @Autowired. You should instead annotate individual method parameters with @Autowired, @Qualifier, or @Value. Offending methods in test class com.jan.wat.WatApplicationTests: [public void com.jan.wat.WatApplicationTests.sys_usermenumapTest()]

getMaxId  Time elapsed: 0 s  <<< ERROR!
java.lang.IllegalStateException: Test methods and test lifecycle methods must not be annotated with @Autowired. You should instead annotate individual method parameters with @Autowired, @Qualifier, or @Value. Offending methods in test class com.jan.wat.WatApplicationTests: [public void com.jan.wat.WatApplicationTests.sys_usermenumapTest()]

updatepassword  Time elapsed: 0 s  <<< ERROR!
java.lang.IllegalStateException: Test methods and test lifecycle methods must not be annotated with @Autowired. You should instead annotate individual method parameters with @Autowired, @Qualifier, or @Value. Offending methods in test class com.jan.wat.WatApplicationTests: [public void com.jan.wat.WatApplicationTests.sys_usermenumapTest()]

